000 (1921.004.000) 2025-02-14 19:10:20 Job submitted from host: <10.87.28.129:9618?addrs=10.87.28.129-9618&alias=timmermans.esat.kuleuven.be&noUDP&sock=schedd_1957_eaee>
...
001 (1921.004.000) 2025-02-15 08:41:46 Job executing on host: <10.87.24.113:9618?addrs=10.87.24.113-9618&alias=realgar.esat.kuleuven.be&noUDP&sock=startd_968964_499a>
	SlotName: slot1_1@realgar.esat.kuleuven.be
	AvailableGPUs = { GPUs_GPU_0904e76e }
	CondorScratchDir = "/usr/data/condor/execute/dir_1010476"
	Cpus = 8
	Disk = 1052013
	GPUs = 1
	GPUs_GPU_0904e76e = [ Id = "GPU-0904e76e"; ClockMhz = 1455.0; Capability = 7.0; CoresPerCU = 64; DeviceName = "NVIDIA TITAN V"; DeviceUuid = "0904e76e-43a5-635c-20e9-b7419049b865"; ECCEnabled = false; ComputeUnits = 80; DriverVersion = 12.7; DevicePciBusId = "0000:01:00.0"; GlobalMemoryMb = 12047; MaxSupportedVersion = 12070 ]
	Memory = 22528
...
006 (1921.004.000) 2025-02-15 08:41:59 Image size of job updated: 20112
	20  -  MemoryUsage of job (MB)
	20112  -  ResidentSetSize of job (KB)
...
006 (1921.004.000) 2025-02-15 08:43:52 Image size of job updated: 7926308
	20  -  MemoryUsage of job (MB)
	20112  -  ResidentSetSize of job (KB)
...
004 (1921.004.000) 2025-02-15 08:43:52 Job was evicted. Code 1005 Subcode 0
	(0) CPU times
		Usr 0 00:01:15, Sys 0 00:01:03  -  Run Remote Usage
		Usr 0 00:00:00, Sys 0 00:00:00  -  Run Local Usage
	0  -  Run Bytes Sent By Job
	0  -  Run Bytes Received By Job
	Partitionable Resources :    Usage  Request Allocated Assigned
	   Cpus                 :     1.68        8         8 
	   Disk (KB)            :     2     1048576   1052013 
	   GPUs                 :                 1         1 "GPU-0904e76e"
	   Memory (MB)          :    20       22528     22528 
	   TimeExecute (s)      :   125                       
	   TimeSlotBusy (s)     :   126                       
...
001 (1921.004.000) 2025-02-15 08:47:57 Job executing on host: <10.87.24.4:9618?addrs=10.87.24.4-9618&alias=aristoteles.esat.kuleuven.be&noUDP&sock=startd_2647_3347>
	SlotName: slot1_6@aristoteles.esat.kuleuven.be
	AvailableGPUs = { GPUs_GPU_edd4a9d8 }
	CondorScratchDir = "/usr/data/condor/execute/dir_1991093"
	Cpus = 8
	Disk = 1050513
	GPUs = 1
	GPUs_GPU_edd4a9d8 = [ Id = "GPU-edd4a9d8"; ClockMhz = 1410.0; Capability = 8.0; CoresPerCU = 64; DeviceName = "NVIDIA A100-SXM4-80GB"; DeviceUuid = "edd4a9d8-371c-bb9a-e898-24b94b410094"; ECCEnabled = true; ComputeUnits = 108; DriverVersion = 12.7; DevicePciBusId = "0000:8D:00.0"; GlobalMemoryMb = 81156; MaxSupportedVersion = 12070 ]
	Memory = 22528
...
006 (1921.004.000) 2025-02-15 08:48:10 Image size of job updated: 10000000
	194  -  MemoryUsage of job (MB)
	198276  -  ResidentSetSize of job (KB)
...
006 (1921.004.000) 2025-02-15 08:50:33 Image size of job updated: 10000000
	194  -  MemoryUsage of job (MB)
	198412  -  ResidentSetSize of job (KB)
...
004 (1921.004.000) 2025-02-15 08:50:33 Job was evicted. Code 1005 Subcode 0
	(0) CPU times
		Usr 0 00:01:28, Sys 0 00:03:22  -  Run Remote Usage
		Usr 0 00:00:00, Sys 0 00:00:00  -  Run Local Usage
	0  -  Run Bytes Sent By Job
	0  -  Run Bytes Received By Job
	Partitionable Resources :    Usage  Request Allocated Assigned
	   Cpus                 :     1.78        8         8 
	   Disk (KB)            :     2     1048576   1050513 
	   GPUs                 :                 1         1 "GPU-edd4a9d8"
	   Memory (MB)          :   194       22528     22528 
	   TimeExecute (s)      :   155                       
	   TimeSlotBusy (s)     :   157                       
...
021 (1921.004.000) 2025-02-15 08:51:56 Error from starter on slot1_1@nasu.esat.kuleuven.be:
	chown error on /usr/data/condor/execute/dir_336429: Input/output error
...
004 (1921.004.000) 2025-02-15 08:51:56 Job was evicted. Code 1007 Subcode 0
	(0) CPU times
		Usr 0 00:00:00, Sys 0 00:00:00  -  Run Remote Usage
		Usr 0 00:00:00, Sys 0 00:00:00  -  Run Local Usage
	0  -  Run Bytes Sent By Job
	0  -  Run Bytes Received By Job
	Reason: Error from slot1_1@nasu.esat.kuleuven.be: chown error on /usr/data/condor/execute/dir_336429: Input/output error
	Partitionable Resources :    Usage  Request Allocated Assigned
	   Cpus                 :     1.78        8         8 
	   Disk (KB)            :     2     1048576   1049600 
	   GPUs                 :                 1         1 "GPU-7bc2c863"
	   Memory (MB)          :   196       22528     22528 
	   TimeExecute (s)      :   155                       
	   TimeSlotBusy (s)     :   157                       
...
021 (1921.004.000) 2025-02-15 08:53:42 Error from starter on slot1_1@nasu.esat.kuleuven.be:
	chown error on /usr/data/condor/execute/dir_336497: Input/output error
...
004 (1921.004.000) 2025-02-15 08:53:42 Job was evicted. Code 1007 Subcode 0
	(0) CPU times
		Usr 0 00:00:00, Sys 0 00:00:00  -  Run Remote Usage
		Usr 0 00:00:00, Sys 0 00:00:00  -  Run Local Usage
	0  -  Run Bytes Sent By Job
	0  -  Run Bytes Received By Job
	Reason: Error from slot1_1@nasu.esat.kuleuven.be: chown error on /usr/data/condor/execute/dir_336497: Input/output error
	Partitionable Resources :    Usage  Request Allocated Assigned
	   Cpus                 :     1.78        8         8 
	   Disk (KB)            :     2     1048576   1049600 
	   GPUs                 :                 1         1 "GPU-7bc2c863"
	   Memory (MB)          :   196       22528     22528 
	   TimeExecute (s)      :   155                       
	   TimeSlotBusy (s)     :   157                       
...
021 (1921.004.000) 2025-02-15 08:54:24 Error from starter on slot1_1@nasu.esat.kuleuven.be:
	chown error on /usr/data/condor/execute/dir_336512: Input/output error
...
004 (1921.004.000) 2025-02-15 08:54:24 Job was evicted. Code 1007 Subcode 0
	(0) CPU times
		Usr 0 00:00:00, Sys 0 00:00:00  -  Run Remote Usage
		Usr 0 00:00:00, Sys 0 00:00:00  -  Run Local Usage
	0  -  Run Bytes Sent By Job
	0  -  Run Bytes Received By Job
	Reason: Error from slot1_1@nasu.esat.kuleuven.be: chown error on /usr/data/condor/execute/dir_336512: Input/output error
	Partitionable Resources :    Usage  Request Allocated Assigned
	   Cpus                 :     1.78        8         8 
	   Disk (KB)            :     2     1048576   1049600 
	   GPUs                 :                 1         1 "GPU-7bc2c863"
	   Memory (MB)          :   196       22528     22528 
	   TimeExecute (s)      :   155                       
	   TimeSlotBusy (s)     :   157                       
...
001 (1921.004.000) 2025-02-15 08:59:25 Job executing on host: <10.87.24.59:9618?addrs=10.87.24.59-9618+[--1]-9618&alias=wulfenite.esat.kuleuven.be&noUDP&sock=startd_1652_b68b>
	SlotName: slot1_2@wulfenite.esat.kuleuven.be
	AvailableGPUs = { GPUs_GPU_431d95f5 }
	CondorScratchDir = "/usr/data/condor/execute/dir_2273669"
	Cpus = 8
	Disk = 1050829
	GPUs = 1
	GPUs_GPU_431d95f5 = [ Id = "GPU-431d95f5"; ClockMhz = 1582.0; Capability = 6.1; CoresPerCU = 128; DeviceName = "NVIDIA TITAN Xp"; DeviceUuid = "431d95f5-9f50-7365-c98b-0230dfb584f4"; ECCEnabled = false; ComputeUnits = 30; DriverVersion = 12.7; DevicePciBusId = "0000:65:00.0"; GlobalMemoryMb = 12183; MaxSupportedVersion = 12070 ]
	Memory = 22528
...
006 (1921.004.000) 2025-02-15 08:59:39 Image size of job updated: 10000000
	375  -  MemoryUsage of job (MB)
	383192  -  ResidentSetSize of job (KB)
...
006 (1921.004.000) 2025-02-15 09:04:40 Image size of job updated: 10000000
	5114  -  MemoryUsage of job (MB)
	5236036  -  ResidentSetSize of job (KB)
...
006 (1921.004.000) 2025-02-15 09:09:41 Image size of job updated: 10000000
	5118  -  MemoryUsage of job (MB)
	5240220  -  ResidentSetSize of job (KB)
...
006 (1921.004.000) 2025-02-15 09:14:41 Image size of job updated: 10000000
	5418  -  MemoryUsage of job (MB)
	5547684  -  ResidentSetSize of job (KB)
...
006 (1921.004.000) 2025-02-15 09:19:41 Image size of job updated: 10000000
	5977  -  MemoryUsage of job (MB)
	6120336  -  ResidentSetSize of job (KB)
...
006 (1921.004.000) 2025-02-15 09:24:42 Image size of job updated: 10000000
	6230  -  MemoryUsage of job (MB)
	6378820  -  ResidentSetSize of job (KB)
...
006 (1921.004.000) 2025-02-15 09:29:42 Image size of job updated: 10000000
	6760  -  MemoryUsage of job (MB)
	6921224  -  ResidentSetSize of job (KB)
...
006 (1921.004.000) 2025-02-15 09:34:42 Image size of job updated: 10000000
	6768  -  MemoryUsage of job (MB)
	6929992  -  ResidentSetSize of job (KB)
...
006 (1921.004.000) 2025-02-15 09:49:44 Image size of job updated: 10000000
	7216  -  MemoryUsage of job (MB)
	7388416  -  ResidentSetSize of job (KB)
...
