000 (1921.005.000) 2025-02-14 19:10:20 Job submitted from host: <10.87.28.129:9618?addrs=10.87.28.129-9618&alias=timmermans.esat.kuleuven.be&noUDP&sock=schedd_1957_eaee>
...
001 (1921.005.000) 2025-02-15 08:47:57 Job executing on host: <10.87.24.4:9618?addrs=10.87.24.4-9618&alias=aristoteles.esat.kuleuven.be&noUDP&sock=startd_2647_3347>
	SlotName: slot1_7@aristoteles.esat.kuleuven.be
	AvailableGPUs = { GPUs_GPU_1ba53048 }
	CondorScratchDir = "/usr/data/condor/execute/dir_1991110"
	Cpus = 8
	Disk = 1050513
	GPUs = 1
	GPUs_GPU_1ba53048 = [ Id = "GPU-1ba53048"; ClockMhz = 1410.0; Capability = 8.0; CoresPerCU = 64; DeviceName = "NVIDIA A100-SXM4-80GB"; DeviceUuid = "1ba53048-c5a1-3226-7f78-7a6cb9cbaa42"; ECCEnabled = true; ComputeUnits = 108; DriverVersion = 12.7; DevicePciBusId = "0000:C7:00.0"; GlobalMemoryMb = 81156; MaxSupportedVersion = 12070 ]
	Memory = 22528
...
006 (1921.005.000) 2025-02-15 08:48:10 Image size of job updated: 399160
	390  -  MemoryUsage of job (MB)
	399160  -  ResidentSetSize of job (KB)
...
006 (1921.005.000) 2025-02-15 08:49:44 Image size of job updated: 7019608
	390  -  MemoryUsage of job (MB)
	399180  -  ResidentSetSize of job (KB)
...
004 (1921.005.000) 2025-02-15 08:49:44 Job was evicted. Code 1005 Subcode 0
	(0) CPU times
		Usr 0 00:00:59, Sys 0 00:02:16  -  Run Remote Usage
		Usr 0 00:00:00, Sys 0 00:00:00  -  Run Local Usage
	0  -  Run Bytes Sent By Job
	0  -  Run Bytes Received By Job
	Partitionable Resources :    Usage  Request Allocated Assigned
	   Cpus                 :     2.00        8         8 
	   Disk (KB)            :     2     1048576   1050513 
	   GPUs                 :                 1         1 "GPU-1ba53048"
	   Memory (MB)          :   390       22528     22528 
	   TimeExecute (s)      :   106                       
	   TimeSlotBusy (s)     :   107                       
...
