000 (1921.000.000) 2025-02-14 19:10:20 Job submitted from host: <10.87.28.129:9618?addrs=10.87.28.129-9618&alias=timmermans.esat.kuleuven.be&noUDP&sock=schedd_1957_eaee>
...
001 (1921.000.000) 2025-02-14 19:10:25 Job executing on host: <10.87.24.49:9618?addrs=10.87.24.49-9618+[--1]-9618&alias=euler.esat.kuleuven.be&noUDP&sock=startd_1850_864c>
	SlotName: slot1_2@euler.esat.kuleuven.be
	AvailableGPUs = { GPUs_GPU_34b6d427 }
	CondorScratchDir = "/usr/data/condor/execute/dir_904029"
	Cpus = 8
	Disk = 1055286
	GPUs = 1
	GPUs_GPU_34b6d427 = [ Id = "GPU-34b6d427"; ClockMhz = 1695.0; Capability = 8.6; CoresPerCU = 128; DeviceName = "NVIDIA GeForce RTX 3080 Ti"; DeviceUuid = "34b6d427-be3b-077b-a3d9-870619c361c5"; ECCEnabled = false; ComputeUnits = 80; DriverVersion = 12.7; DevicePciBusId = "0000:42:00.0"; GlobalMemoryMb = 11937; MaxSupportedVersion = 12070 ]
	Memory = 22528
...
006 (1921.000.000) 2025-02-14 19:10:34 Image size of job updated: 398332
	389  -  MemoryUsage of job (MB)
	398332  -  ResidentSetSize of job (KB)
...
006 (1921.000.000) 2025-02-14 19:15:35 Image size of job updated: 8103752
	5916  -  MemoryUsage of job (MB)
	6057876  -  ResidentSetSize of job (KB)
...
006 (1921.000.000) 2025-02-14 19:20:35 Image size of job updated: 8115556
	5916  -  MemoryUsage of job (MB)
	6057876  -  ResidentSetSize of job (KB)
...
006 (1921.000.000) 2025-02-14 19:25:36 Image size of job updated: 8300332
	6573  -  MemoryUsage of job (MB)
	6730408  -  ResidentSetSize of job (KB)
...
006 (1921.000.000) 2025-02-14 19:30:37 Image size of job updated: 8888476
	6943  -  MemoryUsage of job (MB)
	7109180  -  ResidentSetSize of job (KB)
...
006 (1921.000.000) 2025-02-14 19:35:37 Image size of job updated: 14285448
	6947  -  MemoryUsage of job (MB)
	7113720  -  ResidentSetSize of job (KB)
...
006 (1921.000.000) 2025-02-14 19:40:37 Image size of job updated: 16121828
	9035  -  MemoryUsage of job (MB)
	9251788  -  ResidentSetSize of job (KB)
...
006 (1921.000.000) 2025-02-14 19:45:38 Image size of job updated: 22329180
	19385  -  MemoryUsage of job (MB)
	19849372  -  ResidentSetSize of job (KB)
...
006 (1921.000.000) 2025-02-14 19:50:38 Image size of job updated: 22329180
	19737  -  MemoryUsage of job (MB)
	20209840  -  ResidentSetSize of job (KB)
...
006 (1921.000.000) 2025-02-14 19:55:38 Image size of job updated: 22329180
	20379  -  MemoryUsage of job (MB)
	20867924  -  ResidentSetSize of job (KB)
...
006 (1921.000.000) 2025-02-14 20:00:39 Image size of job updated: 22329180
	20819  -  MemoryUsage of job (MB)
	21317948  -  ResidentSetSize of job (KB)
...
006 (1921.000.000) 2025-02-14 20:05:40 Image size of job updated: 22329180
	21260  -  MemoryUsage of job (MB)
	21769440  -  ResidentSetSize of job (KB)
...
006 (1921.000.000) 2025-02-14 20:10:40 Image size of job updated: 22329180
	21332  -  MemoryUsage of job (MB)
	21843052  -  ResidentSetSize of job (KB)
...
006 (1921.000.000) 2025-02-14 20:15:40 Image size of job updated: 22329180
	21333  -  MemoryUsage of job (MB)
	21844840  -  ResidentSetSize of job (KB)
...
006 (1921.000.000) 2025-02-14 21:00:45 Image size of job updated: 22329828
	21333  -  MemoryUsage of job (MB)
	21844840  -  ResidentSetSize of job (KB)
...
006 (1921.000.000) 2025-02-14 23:26:00 Image size of job updated: 22333412
	21333  -  MemoryUsage of job (MB)
	21844840  -  ResidentSetSize of job (KB)
...
004 (1921.000.000) 2025-02-15 08:41:25 Job was evicted. Code 1005 Subcode 0
	(0) CPU times
		Usr 0 13:08:33, Sys 1 05:32:32  -  Run Remote Usage
		Usr 0 00:00:00, Sys 0 00:00:00  -  Run Local Usage
	0  -  Run Bytes Sent By Job
	0  -  Run Bytes Received By Job
	Partitionable Resources :    Usage  Request Allocated Assigned
	   Cpus                 :     1.72        8         8 
	   Disk (KB)            :     2     1048576   1055286 
	   GPUs                 :                 1         1 "GPU-34b6d427"
	   Memory (MB)          : 21333       22528     22528 
	   TimeExecute (s)      : 48659                       
	   TimeSlotBusy (s)     : 48660                       
...
001 (1921.000.000) 2025-02-15 08:41:46 Job executing on host: <10.87.24.26:9618?addrs=10.87.24.26-9618&alias=topaz.esat.kuleuven.be&noUDP&sock=startd_1665_a146>
	SlotName: slot1_1@topaz.esat.kuleuven.be
	AvailableGPUs = { GPUs_GPU_08518bd6 }
	CondorScratchDir = "/usr/data/condor/execute/dir_84462"
	Cpus = 8
	Disk = 1051892
	GPUs = 1
	GPUs_GPU_08518bd6 = [ Id = "GPU-08518bd6"; ClockMhz = 1455.0; Capability = 7.0; CoresPerCU = 64; DeviceName = "NVIDIA TITAN V"; DeviceUuid = "08518bd6-262a-d129-1cb1-87856879b83f"; ECCEnabled = false; ComputeUnits = 80; DriverVersion = 12.7; DevicePciBusId = "0000:01:00.0"; GlobalMemoryMb = 12048; MaxSupportedVersion = 12070 ]
	Memory = 22528
...
004 (1921.000.000) 2025-02-15 08:42:00 Job was evicted. Code 1005 Subcode 0
	(0) CPU times
		Usr 0 00:00:00, Sys 0 00:00:00  -  Run Remote Usage
		Usr 0 00:00:00, Sys 0 00:00:00  -  Run Local Usage
	0  -  Run Bytes Sent By Job
	0  -  Run Bytes Received By Job
	Partitionable Resources :    Usage  Request Allocated Assigned
	   Cpus                 :     0.00        8         8 
	   Disk (KB)            :     2     1048576   1051892 
	   GPUs                 :                 1         1 "GPU-08518bd6"
	   Memory (MB)          : 21973       22528     22528 
	   TimeExecute (s)      :     9                       
	   TimeSlotBusy (s)     :    15                       
...
001 (1921.000.000) 2025-02-15 08:42:46 Job executing on host: <10.87.24.59:9618?addrs=10.87.24.59-9618+[--1]-9618&alias=wulfenite.esat.kuleuven.be&noUDP&sock=startd_1652_b68b>
	SlotName: slot1_1@wulfenite.esat.kuleuven.be
	AvailableGPUs = { GPUs_GPU_8b75e3aa }
	CondorScratchDir = "/usr/data/condor/execute/dir_2272651"
	Cpus = 8
	Disk = 1050829
	GPUs = 1
	GPUs_GPU_8b75e3aa = [ Id = "GPU-8b75e3aa"; ClockMhz = 1582.0; Capability = 6.1; CoresPerCU = 128; DeviceName = "NVIDIA TITAN Xp"; DeviceUuid = "8b75e3aa-4eeb-2024-2b40-8db78b008331"; ECCEnabled = false; ComputeUnits = 30; DriverVersion = 12.7; DevicePciBusId = "0000:17:00.0"; GlobalMemoryMb = 12183; MaxSupportedVersion = 12070 ]
	Memory = 22528
...
004 (1921.000.000) 2025-02-15 08:43:06 Job was evicted. Code 1005 Subcode 0
	(0) CPU times
		Usr 0 00:00:07, Sys 0 00:00:04  -  Run Remote Usage
		Usr 0 00:00:00, Sys 0 00:00:00  -  Run Local Usage
	0  -  Run Bytes Sent By Job
	0  -  Run Bytes Received By Job
	Partitionable Resources :    Usage  Request Allocated Assigned
	   Cpus                 :     0.57        8         8 
	   Disk (KB)            :     2     1048576   1050829 
	   GPUs                 :                 1         1 "GPU-8b75e3aa"
	   Memory (MB)          : 21973       22528     22528 
	   TimeExecute (s)      :    19                       
	   TimeSlotBusy (s)     :    20                       
...
001 (1921.000.000) 2025-02-15 08:43:52 Job executing on host: <10.87.24.49:9618?addrs=10.87.24.49-9618+[--1]-9618&alias=euler.esat.kuleuven.be&noUDP&sock=startd_1850_864c>
	SlotName: slot1_1@euler.esat.kuleuven.be
	AvailableGPUs = { GPUs_GPU_99fc6b47 }
	CondorScratchDir = "/usr/data/condor/execute/dir_940625"
	Cpus = 8
	Disk = 1055286
	GPUs = 1
	GPUs_GPU_99fc6b47 = [ Id = "GPU-99fc6b47"; ClockMhz = 1695.0; Capability = 8.6; CoresPerCU = 128; DeviceName = "NVIDIA GeForce RTX 3080 Ti"; DeviceUuid = "99fc6b47-a5b2-5f1f-bd8b-2a6f720f8bb9"; ECCEnabled = false; ComputeUnits = 80; DriverVersion = 12.7; DevicePciBusId = "0000:41:00.0"; GlobalMemoryMb = 11937; MaxSupportedVersion = 12070 ]
	Memory = 22528
...
004 (1921.000.000) 2025-02-15 08:47:55 Job was evicted. Code 1005 Subcode 0
	(0) CPU times
		Usr 0 00:03:06, Sys 0 00:06:29  -  Run Remote Usage
		Usr 0 00:00:00, Sys 0 00:00:00  -  Run Local Usage
	0  -  Run Bytes Sent By Job
	0  -  Run Bytes Received By Job
	Partitionable Resources :    Usage  Request Allocated Assigned
	   Cpus                 :     3.16        8         8 
	   Disk (KB)            :     2     1048576   1055286 
	   GPUs                 :                 1         1 "GPU-99fc6b47"
	   Memory (MB)          : 21973       22528     22528 
	   TimeExecute (s)      :   242                       
	   TimeSlotBusy (s)     :   243                       
...
001 (1921.000.000) 2025-02-15 08:50:33 Job executing on host: <10.87.24.59:9618?addrs=10.87.24.59-9618+[--1]-9618&alias=wulfenite.esat.kuleuven.be&noUDP&sock=startd_1652_b68b>
	SlotName: slot1_1@wulfenite.esat.kuleuven.be
	AvailableGPUs = { GPUs_GPU_8b75e3aa }
	CondorScratchDir = "/usr/data/condor/execute/dir_2273123"
	Cpus = 8
	Disk = 1050829
	GPUs = 1
	GPUs_GPU_8b75e3aa = [ Id = "GPU-8b75e3aa"; ClockMhz = 1582.0; Capability = 6.1; CoresPerCU = 128; DeviceName = "NVIDIA TITAN Xp"; DeviceUuid = "8b75e3aa-4eeb-2024-2b40-8db78b008331"; ECCEnabled = false; ComputeUnits = 30; DriverVersion = 12.7; DevicePciBusId = "0000:17:00.0"; GlobalMemoryMb = 12183; MaxSupportedVersion = 12070 ]
	Memory = 22528
...
004 (1921.000.000) 2025-02-15 08:51:20 Job was evicted. Code 1005 Subcode 0
	(0) CPU times
		Usr 0 00:01:13, Sys 0 00:01:02  -  Run Remote Usage
		Usr 0 00:00:00, Sys 0 00:00:00  -  Run Local Usage
	0  -  Run Bytes Sent By Job
	0  -  Run Bytes Received By Job
	Partitionable Resources :    Usage  Request Allocated Assigned
	   Cpus                 :     4.47        8         8 
	   Disk (KB)            :     2     1048576   1050829 
	   GPUs                 :                 1         1 "GPU-8b75e3aa"
	   Memory (MB)          : 21973       22528     22528 
	   TimeExecute (s)      :    46                       
	   TimeSlotBusy (s)     :    47                       
...
001 (1921.000.000) 2025-02-15 08:51:56 Job executing on host: <10.87.24.113:9618?addrs=10.87.24.113-9618&alias=realgar.esat.kuleuven.be&noUDP&sock=startd_968964_499a>
	SlotName: slot1_1@realgar.esat.kuleuven.be
	AvailableGPUs = { GPUs_GPU_0904e76e }
	CondorScratchDir = "/usr/data/condor/execute/dir_1010953"
	Cpus = 8
	Disk = 1052013
	GPUs = 1
	GPUs_GPU_0904e76e = [ Id = "GPU-0904e76e"; ClockMhz = 1455.0; Capability = 7.0; CoresPerCU = 64; DeviceName = "NVIDIA TITAN V"; DeviceUuid = "0904e76e-43a5-635c-20e9-b7419049b865"; ECCEnabled = false; ComputeUnits = 80; DriverVersion = 12.7; DevicePciBusId = "0000:01:00.0"; GlobalMemoryMb = 12047; MaxSupportedVersion = 12070 ]
	Memory = 22528
...
004 (1921.000.000) 2025-02-15 08:53:41 Job was evicted. Code 1005 Subcode 0
	(0) CPU times
		Usr 0 00:02:35, Sys 0 00:02:03  -  Run Remote Usage
		Usr 0 00:00:00, Sys 0 00:00:00  -  Run Local Usage
	0  -  Run Bytes Sent By Job
	0  -  Run Bytes Received By Job
	Partitionable Resources :    Usage  Request Allocated Assigned
	   Cpus                 :     3.08        8         8 
	   Disk (KB)            :     2     1048576   1052013 
	   GPUs                 :                 1         1 "GPU-0904e76e"
	   Memory (MB)          : 21973       22528     22528 
	   TimeExecute (s)      :   104                       
	   TimeSlotBusy (s)     :   106                       
...
001 (1921.000.000) 2025-02-15 08:54:23 Job executing on host: <10.87.24.2:9618?addrs=10.87.24.2-9618&alias=amethyst.esat.kuleuven.be&noUDP&sock=startd_1665_a146>
	SlotName: slot1_1@amethyst.esat.kuleuven.be
	AvailableGPUs = { GPUs_GPU_2e781e70 }
	CondorScratchDir = "/usr/data/condor/execute/dir_1162704"
	Cpus = 8
	Disk = 1050648
	GPUs = 1
	GPUs_GPU_2e781e70 = [ Id = "GPU-2e781e70"; ClockMhz = 1807.0; Capability = 8.6; CoresPerCU = 128; DeviceName = "NVIDIA GeForce RTX 3060"; DeviceUuid = "2e781e70-9b88-ebde-3296-adca0cdf7bfe"; ECCEnabled = false; ComputeUnits = 28; DriverVersion = 12.7; DevicePciBusId = "0000:01:00.0"; GlobalMemoryMb = 11936; MaxSupportedVersion = 12070 ]
	Memory = 22528
...
022 (1921.000.000) 2025-02-15 09:07:18 Job disconnected, attempting to reconnect
    Socket between submit and execute hosts closed unexpectedly
    Trying to reconnect to slot1_1@amethyst.esat.kuleuven.be <10.87.24.2:9618?addrs=10.87.24.2-9618&alias=amethyst.esat.kuleuven.be&noUDP&sock=startd_1665_a146>
...
024 (1921.000.000) 2025-02-15 09:47:38 Job reconnection failed
    Job disconnected too long: JobLeaseDuration (2400 seconds) expired
    Can not reconnect to slot1_1@amethyst.esat.kuleuven.be, rescheduling job
...
004 (1921.000.000) 2025-02-15 09:48:49 Job was evicted. Code 1008 Subcode 0
	(0) CPU times
		Usr 0 00:00:02, Sys 0 00:00:00  -  Run Remote Usage
		Usr 0 00:00:00, Sys 0 00:00:00  -  Run Local Usage
	0  -  Run Bytes Sent By Job
	0  -  Run Bytes Received By Job
	Reason: Job disconnected too long: JobLeaseDuration (2400 seconds) expired
	Partitionable Resources :    Usage  Request Allocated Assigned
	   Cpus                 :        0        8         8 
	   Disk (KB)            :        2  1048576   1050648 
	   GPUs                 :                 1         1 "GPU-2e781e70"
	   Memory (MB)          :    21973    22528     22528 
	   TimeExecute (s)      :      104                    
	   TimeSlotBusy (s)     :      106                    
...
