000 (1921.006.000) 2025-02-14 19:10:20 Job submitted from host: <10.87.28.129:9618?addrs=10.87.28.129-9618&alias=timmermans.esat.kuleuven.be&noUDP&sock=schedd_1957_eaee>
...
001 (1921.006.000) 2025-02-15 08:47:58 Job executing on host: <10.87.24.4:9618?addrs=10.87.24.4-9618&alias=aristoteles.esat.kuleuven.be&noUDP&sock=startd_2647_3347>
	SlotName: slot1_8@aristoteles.esat.kuleuven.be
	AvailableGPUs = { GPUs_GPU_29b43285 }
	CondorScratchDir = "/usr/data/condor/execute/dir_1991111"
	Cpus = 8
	Disk = 1050513
	GPUs = 1
	GPUs_GPU_29b43285 = [ Id = "GPU-29b43285"; ClockMhz = 1410.0; Capability = 8.0; CoresPerCU = 64; DeviceName = "NVIDIA A100-SXM4-80GB"; DeviceUuid = "29b43285-fbe3-48d9-3c76-70102400512c"; ECCEnabled = true; ComputeUnits = 108; DriverVersion = 12.7; DevicePciBusId = "0000:CA:00.0"; GlobalMemoryMb = 81156; MaxSupportedVersion = 12070 ]
	Memory = 22528
...
006 (1921.006.000) 2025-02-15 08:48:06 Image size of job updated: 252528
	247  -  MemoryUsage of job (MB)
	252528  -  ResidentSetSize of job (KB)
...
006 (1921.006.000) 2025-02-15 08:49:17 Image size of job updated: 7462324
	247  -  MemoryUsage of job (MB)
	252528  -  ResidentSetSize of job (KB)
...
004 (1921.006.000) 2025-02-15 08:49:17 Job was evicted. Code 1005 Subcode 0
	(0) CPU times
		Usr 0 00:00:40, Sys 0 00:01:33  -  Run Remote Usage
		Usr 0 00:00:00, Sys 0 00:00:00  -  Run Local Usage
	0  -  Run Bytes Sent By Job
	0  -  Run Bytes Received By Job
	Partitionable Resources :    Usage  Request Allocated Assigned
	   Cpus                 :     1.82        8         8 
	   Disk (KB)            :     2     1048576   1050513 
	   GPUs                 :                 1         1 "GPU-29b43285"
	   Memory (MB)          :   247       22528     22528 
	   TimeExecute (s)      :    78                       
	   TimeSlotBusy (s)     :    79                       
...
